#
# There is insufficient memory for the Java Runtime Environment to continue.
# Native memory allocation (malloc) failed to allocate 618976 bytes for Chunk::new
# Possible reasons:
#   The system is out of physical RAM or swap space
#   The process is running with CompressedOops enabled, and the Java Heap may be blocking the growth of the native heap
# Possible solutions:
#   Reduce memory load on the system
#   Increase physical memory or swap space
#   Check if swap backing store is full
#   Decrease Java heap size (-Xmx/-Xms)
#   Decrease number of Java threads
#   Decrease Java thread stack sizes (-Xss)
#   Set larger code cache with -XX:ReservedCodeCacheSize=
#   JVM is running with Unscaled Compressed Oops mode in which the Java heap is
#     placed in the first 4GB address space. The Java Heap base address is the
#     maximum limit for the native heap growth. Please use -XX:HeapBaseMinAddress
#     to set the Java Heap base and to place the Java Heap above 4GB virtual address.
# This output file may be truncated or incomplete.
#
#  Out of Memory Error (./src/hotspot/share/memory/arena.cpp:197), pid=13924, tid=6764
#
# JRE version: OpenJDK Runtime Environment (11.0.10) (build 11.0.10+0-b96-7249189)
# Java VM: OpenJDK 64-Bit Server VM (11.0.10+0-b96-7249189, mixed mode, tiered, compressed oops, g1 gc, windows-amd64)
# No core dump will be written. Minidumps are not enabled by default on client versions of Windows
#

---------------  S U M M A R Y ------------

Command Line: --add-opens=java.base/java.util=ALL-UNNAMED --add-opens=java.base/java.lang=ALL-UNNAMED --add-opens=java.base/java.lang.invoke=ALL-UNNAMED --add-opens=java.prefs/java.util.prefs=ALL-UNNAMED -Xmx2048m -Dfile.encoding=UTF-8 -Duser.country=ES -Duser.language=es -Duser.variant org.gradle.launcher.daemon.bootstrap.GradleDaemon 6.7.1

Host: Intel(R) Core(TM) i3-7020U CPU @ 2.30GHz, 4 cores, 11G,  Windows 10 , 64 bit Build 19041 (10.0.19041.1151)
Time: Wed Aug 25 13:17:54 2021 Hora estándar de Argentina elapsed time: 3.875541 seconds (0d 0h 0m 3s)

---------------  T H R E A D  ---------------

Current thread (0x00000202a903f800):  JavaThread "C2 CompilerThread0" daemon [_thread_in_native, id=6764, stack(0x000000540dc00000,0x000000540dd00000)]


Current CompileTask:
C2:   3875 1912   !   4       java.lang.ClassLoader::loadClass (122 bytes)

Stack: [0x000000540dc00000,0x000000540dd00000]
Native frames: (J=compiled Java code, j=interpreted, Vv=VM code, C=native code)
V  [jvm.dll+0x5ecfaa]
V  [jvm.dll+0x722bd5]
V  [jvm.dll+0x72412d]
V  [jvm.dll+0x7247e3]
V  [jvm.dll+0x242928]
V  [jvm.dll+0xbc4fc]
V  [jvm.dll+0xbca0c]
V  [jvm.dll+0x2b4fd4]
V  [jvm.dll+0x506028]
V  [jvm.dll+0x203253]
V  [jvm.dll+0x1fd07c]
V  [jvm.dll+0x1fa77f]
V  [jvm.dll+0x18354c]
V  [jvm.dll+0x208ee7]
V  [jvm.dll+0x207731]
V  [jvm.dll+0x6eb1cf]
V  [jvm.dll+0x6e3d45]
V  [jvm.dll+0x5ebe96]
C  [ucrtbase.dll+0x21bb2]
C  [KERNEL32.DLL+0x17034]
C  [ntdll.dll+0x52651]


---------------  P R O C E S S  ---------------

Threads class SMR info:
_java_thread_list=0x00000202ac156310, length=23, elements={
0x000002028f42b000, 0x00000202a9851800, 0x00000202a985f800, 0x00000202a98a2800,
0x00000202a98a3800, 0x00000202a98a7000, 0x00000202a903f800, 0x00000202a9043800,
0x00000202a904d000, 0x00000202a9a11800, 0x00000202ab074000, 0x00000202a9dc4800,
0x00000202aaee6800, 0x00000202aadc1000, 0x00000202ab2f1000, 0x00000202aba20000,
0x00000202ab0ed000, 0x00000202aab51000, 0x00000202ab10e800, 0x00000202ab34e800,
0x00000202ab34d800, 0x00000202ab34b000, 0x00000202ab34c000
}

Java Threads: ( => current thread )
  0x000002028f42b000 JavaThread "main" [_thread_blocked, id=8140, stack(0x000000540d000000,0x000000540d100000)]
  0x00000202a9851800 JavaThread "Reference Handler" daemon [_thread_blocked, id=7236, stack(0x000000540d700000,0x000000540d800000)]
  0x00000202a985f800 JavaThread "Finalizer" daemon [_thread_blocked, id=14388, stack(0x000000540d800000,0x000000540d900000)]
  0x00000202a98a2800 JavaThread "Signal Dispatcher" daemon [_thread_blocked, id=13588, stack(0x000000540d900000,0x000000540da00000)]
  0x00000202a98a3800 JavaThread "Attach Listener" daemon [_thread_blocked, id=11988, stack(0x000000540da00000,0x000000540db00000)]
  0x00000202a98a7000 JavaThread "Service Thread" daemon [_thread_blocked, id=7832, stack(0x000000540db00000,0x000000540dc00000)]
=>0x00000202a903f800 JavaThread "C2 CompilerThread0" daemon [_thread_in_native, id=6764, stack(0x000000540dc00000,0x000000540dd00000)]
  0x00000202a9043800 JavaThread "C1 CompilerThread0" daemon [_thread_blocked, id=7048, stack(0x000000540dd00000,0x000000540de00000)]
  0x00000202a904d000 JavaThread "Sweeper thread" daemon [_thread_blocked, id=8332, stack(0x000000540de00000,0x000000540df00000)]
  0x00000202a9a11800 JavaThread "Common-Cleaner" daemon [_thread_blocked, id=11948, stack(0x000000540df00000,0x000000540e000000)]
  0x00000202ab074000 JavaThread "Daemon health stats" [_thread_blocked, id=10552, stack(0x000000540e500000,0x000000540e600000)]
  0x00000202a9dc4800 JavaThread "Incoming local TCP Connector on port 56190" [_thread_in_native, id=10756, stack(0x000000540e700000,0x000000540e800000)]
  0x00000202aaee6800 JavaThread "Daemon periodic checks" [_thread_blocked, id=11600, stack(0x000000540e800000,0x000000540e900000)]
  0x00000202aadc1000 JavaThread "Daemon" [_thread_blocked, id=11964, stack(0x000000540e900000,0x000000540ea00000)]
  0x00000202ab2f1000 JavaThread "Handler for socket connection from /127.0.0.1:56190 to /127.0.0.1:56191" [_thread_in_native, id=13800, stack(0x000000540ea00000,0x000000540eb00000)]
  0x00000202aba20000 JavaThread "Cancel handler" [_thread_blocked, id=4512, stack(0x000000540eb00000,0x000000540ec00000)]
  0x00000202ab0ed000 JavaThread "Daemon worker" [_thread_in_vm, id=9264, stack(0x000000540ec00000,0x000000540ed00000)]
  0x00000202aab51000 JavaThread "Asynchronous log dispatcher for DefaultDaemonConnection: socket connection from /127.0.0.1:56190 to /127.0.0.1:56191" [_thread_blocked, id=11956, stack(0x000000540ee00000,0x000000540ef00000)]
  0x00000202ab10e800 JavaThread "Stdin handler" [_thread_blocked, id=4896, stack(0x000000540ef00000,0x000000540f000000)]
  0x00000202ab34e800 JavaThread "Thread-8" [_thread_blocked, id=6000, stack(0x000000540f000000,0x000000540f100000)]
  0x00000202ab34d800 JavaThread "Cache worker for file hash cache (C:\Users\leoba\.gradle\caches\6.7.1\fileHashes)" [_thread_blocked, id=12916, stack(0x000000540f100000,0x000000540f200000)]
  0x00000202ab34b000 JavaThread "File lock request listener" [_thread_in_native, id=14328, stack(0x000000540f200000,0x000000540f300000)]
  0x00000202ab34c000 JavaThread "Cache worker for journal cache (C:\Users\leoba\.gradle\caches\journal-1)" [_thread_blocked, id=2784, stack(0x000000540ed00000,0x000000540ee00000)]

Other Threads:
  0x00000202a9030000 VMThread "VM Thread" [stack: 0x000000540d600000,0x000000540d700000] [id=7828]
  0x00000202a9a46800 WatcherThread [stack: 0x000000540e000000,0x000000540e100000] [id=11532]
  0x000002028f444000 GCTaskThread "GC Thread#0" [stack: 0x000000540d100000,0x000000540d200000] [id=8656]
  0x00000202aa5a7800 GCTaskThread "GC Thread#1" [stack: 0x000000540e200000,0x000000540e300000] [id=11292]
  0x00000202aa171000 GCTaskThread "GC Thread#2" [stack: 0x000000540e300000,0x000000540e400000] [id=11752]
  0x00000202aa3ca000 GCTaskThread "GC Thread#3" [stack: 0x000000540e400000,0x000000540e500000] [id=3580]
  0x000002028f476800 ConcurrentGCThread "G1 Main Marker" [stack: 0x000000540d200000,0x000000540d300000] [id=7908]
  0x000002028f479000 ConcurrentGCThread "G1 Conc#0" [stack: 0x000000540d300000,0x000000540d400000] [id=5280]
  0x00000202a8e82800 ConcurrentGCThread "G1 Refine#0" [stack: 0x000000540d400000,0x000000540d500000] [id=10956]
  0x00000202a8e83800 ConcurrentGCThread "G1 Young RemSet Sampling" [stack: 0x000000540d500000,0x000000540d600000] [id=2604]

Threads with active compile tasks:
C2 CompilerThread0   3903 1912   !   4       java.lang.ClassLoader::loadClass (122 bytes)

VM state:not at safepoint (normal execution)

VM Mutex/Monitor currently owned by a thread: None

Heap address: 0x0000000080000000, size: 2048 MB, Compressed Oops mode: 32-bit
Narrow klass base: 0x0000000000000000, Narrow klass shift: 3
Compressed class space size: 1073741824 Address: 0x0000000100000000

Heap:
 garbage-first heap   total 196608K, used 26289K [0x0000000080000000, 0x0000000100000000)
  region size 1024K, 15 young (15360K), 4 survivors (4096K)
 Metaspace       used 21651K, capacity 22330K, committed 22576K, reserved 1073152K
  class space    used 2721K, capacity 2922K, committed 2944K, reserved 1048576K
Heap Regions: E=young(eden), S=young(survivor), O=old, HS=humongous(starts), HC=humongous(continues), CS=collection set, F=free, A=archive, TAMS=top-at-mark-start (previous, next)
|   0|0x0000000080000000, 0x0000000080100000, 0x0000000080100000|100%| O|  |TAMS 0x0000000080100000, 0x0000000080000000| Untracked 
|   1|0x0000000080100000, 0x0000000080200000, 0x0000000080200000|100%| O|  |TAMS 0x0000000080200000, 0x0000000080100000| Untracked 
|   2|0x0000000080200000, 0x0000000080300000, 0x0000000080300000|100%| O|  |TAMS 0x0000000080300000, 0x0000000080200000| Untracked 
|   3|0x0000000080300000, 0x0000000080400000, 0x0000000080400000|100%|HS|  |TAMS 0x0000000080400000, 0x0000000080300000| Complete 
|   4|0x0000000080400000, 0x0000000080500000, 0x0000000080500000|100%|HC|  |TAMS 0x0000000080500000, 0x0000000080400000| Complete 
|   5|0x0000000080500000, 0x0000000080600000, 0x0000000080600000|100%|HC|  |TAMS 0x0000000080600000, 0x0000000080500000| Complete 
|   6|0x0000000080600000, 0x0000000080700000, 0x0000000080700000|100%| O|  |TAMS 0x0000000080700000, 0x0000000080600000| Untracked 
|   7|0x0000000080700000, 0x0000000080800000, 0x0000000080800000|100%| O|  |TAMS 0x0000000080800000, 0x0000000080700000| Untracked 
|   8|0x0000000080800000, 0x0000000080900000, 0x0000000080900000|100%| O|  |TAMS 0x0000000080900000, 0x0000000080800000| Untracked 
|   9|0x0000000080900000, 0x0000000080a00000, 0x0000000080a00000|100%| O|  |TAMS 0x0000000080a00000, 0x0000000080900000| Untracked 
|  10|0x0000000080a00000, 0x0000000080b00000, 0x0000000080b00000|100%| O|  |TAMS 0x0000000080b00000, 0x0000000080a00000| Untracked 
|  11|0x0000000080b00000, 0x0000000080bc6800, 0x0000000080c00000| 77%| O|  |TAMS 0x0000000080bc6800, 0x0000000080b00000| Untracked 
|  12|0x0000000080c00000, 0x0000000080c00000, 0x0000000080d00000|  0%| F|  |TAMS 0x0000000080c00000, 0x0000000080c00000| Untracked 
|  13|0x0000000080d00000, 0x0000000080d00000, 0x0000000080e00000|  0%| F|  |TAMS 0x0000000080d00000, 0x0000000080d00000| Untracked 
|  14|0x0000000080e00000, 0x0000000080e00000, 0x0000000080f00000|  0%| F|  |TAMS 0x0000000080e00000, 0x0000000080e00000| Untracked 
|  15|0x0000000080f00000, 0x0000000080f00000, 0x0000000081000000|  0%| F|  |TAMS 0x0000000080f00000, 0x0000000080f00000| Untracked 
|  16|0x0000000081000000, 0x0000000081000000, 0x0000000081100000|  0%| F|  |TAMS 0x0000000081000000, 0x0000000081000000| Untracked 
|  17|0x0000000081100000, 0x0000000081100000, 0x0000000081200000|  0%| F|  |TAMS 0x0000000081100000, 0x0000000081100000| Untracked 
|  18|0x0000000081200000, 0x0000000081200000, 0x0000000081300000|  0%| F|  |TAMS 0x0000000081200000, 0x0000000081200000| Untracked 
|  19|0x0000000081300000, 0x0000000081300000, 0x0000000081400000|  0%| F|  |TAMS 0x0000000081300000, 0x0000000081300000| Untracked 
|  20|0x0000000081400000, 0x0000000081400000, 0x0000000081500000|  0%| F|  |TAMS 0x0000000081400000, 0x0000000081400000| Untracked 
|  21|0x0000000081500000, 0x0000000081500000, 0x0000000081600000|  0%| F|  |TAMS 0x0000000081500000, 0x0000000081500000| Untracked 
|  22|0x0000000081600000, 0x0000000081600000, 0x0000000081700000|  0%| F|  |TAMS 0x0000000081600000, 0x0000000081600000| Untracked 
|  23|0x0000000081700000, 0x0000000081700000, 0x0000000081800000|  0%| F|  |TAMS 0x0000000081700000, 0x0000000081700000| Untracked 
|  24|0x0000000081800000, 0x0000000081800000, 0x0000000081900000|  0%| F|  |TAMS 0x0000000081800000, 0x0000000081800000| Untracked 
|  25|0x0000000081900000, 0x0000000081900000, 0x0000000081a00000|  0%| F|  |TAMS 0x0000000081900000, 0x0000000081900000| Untracked 
|  26|0x0000000081a00000, 0x0000000081a00000, 0x0000000081b00000|  0%| F|  |TAMS 0x0000000081a00000, 0x0000000081a00000| Untracked 
|  27|0x0000000081b00000, 0x0000000081b00000, 0x0000000081c00000|  0%| F|  |TAMS 0x0000000081b00000, 0x0000000081b00000| Untracked 
|  28|0x0000000081c00000, 0x0000000081c00000, 0x0000000081d00000|  0%| F|  |TAMS 0x0000000081c00000, 0x0000000081c00000| Untracked 
|  29|0x0000000081d00000, 0x0000000081d00000, 0x0000000081e00000|  0%| F|  |TAMS 0x0000000081d00000, 0x0000000081d00000| Untracked 
|  30|0x0000000081e00000, 0x0000000081e00000, 0x0000000081f00000|  0%| F|  |TAMS 0x0000000081e00000, 0x0000000081e00000| Untracked 
|  31|0x0000000081f00000, 0x0000000081f00000, 0x0000000082000000|  0%| F|  |TAMS 0x0000000081f00000, 0x0000000081f00000| Untracked 
|  32|0x0000000082000000, 0x0000000082000000, 0x0000000082100000|  0%| F|  |TAMS 0x0000000082000000, 0x0000000082000000| Untracked 
|  33|0x0000000082100000, 0x0000000082100000, 0x0000000082200000|  0%| F|  |TAMS 0x0000000082100000, 0x0000000082100000| Untracked 
|  34|0x0000000082200000, 0x0000000082200000, 0x0000000082300000|  0%| F|  |TAMS 0x0000000082200000, 0x0000000082200000| Untracked 
|  35|0x0000000082300000, 0x0000000082300000, 0x0000000082400000|  0%| F|  |TAMS 0x0000000082300000, 0x0000000082300000| Untracked 
|  36|0x0000000082400000, 0x0000000082400000, 0x0000000082500000|  0%| F|  |TAMS 0x0000000082400000, 0x0000000082400000| Untracked 
|  37|0x0000000082500000, 0x0000000082500000, 0x0000000082600000|  0%| F|  |TAMS 0x0000000082500000, 0x0000000082500000| Untracked 
|  38|0x0000000082600000, 0x0000000082600000, 0x0000000082700000|  0%| F|  |TAMS 0x0000000082600000, 0x0000000082600000| Untracked 
|  39|0x0000000082700000, 0x0000000082700000, 0x0000000082800000|  0%| F|  |TAMS 0x0000000082700000, 0x0000000082700000| Untracked 
|  40|0x0000000082800000, 0x0000000082800000, 0x0000000082900000|  0%| F|  |TAMS 0x0000000082800000, 0x0000000082800000| Untracked 
|  41|0x0000000082900000, 0x0000000082900000, 0x0000000082a00000|  0%| F|  |TAMS 0x0000000082900000, 0x0000000082900000| Untracked 
|  42|0x0000000082a00000, 0x0000000082a00000, 0x0000000082b00000|  0%| F|  |TAMS 0x0000000082a00000, 0x0000000082a00000| Untracked 
|  43|0x0000000082b00000, 0x0000000082b00000, 0x0000000082c00000|  0%| F|  |TAMS 0x0000000082b00000, 0x0000000082b00000| Untracked 
|  44|0x0000000082c00000, 0x0000000082c00000, 0x0000000082d00000|  0%| F|  |TAMS 0x0000000082c00000, 0x0000000082c00000| Untracked 
|  45|0x0000000082d00000, 0x0000000082d00000, 0x0000000082e00000|  0%| F|  |TAMS 0x0000000082d00000, 0x0000000082d00000| Untracked 
|  46|0x0000000082e00000, 0x0000000082e00000, 0x0000000082f00000|  0%| F|  |TAMS 0x0000000082e00000, 0x0000000082e00000| Untracked 
|  47|0x0000000082f00000, 0x0000000082f00000, 0x0000000083000000|  0%| F|  |TAMS 0x0000000082f00000, 0x0000000082f00000| Untracked 
|  48|0x0000000083000000, 0x0000000083000000, 0x0000000083100000|  0%| F|  |TAMS 0x0000000083000000, 0x0000000083000000| Untracked 
|  49|0x0000000083100000, 0x0000000083100000, 0x0000000083200000|  0%| F|  |TAMS 0x0000000083100000, 0x0000000083100000| Untracked 
|  50|0x0000000083200000, 0x0000000083200000, 0x0000000083300000|  0%| F|  |TAMS 0x0000000083200000, 0x0000000083200000| Untracked 
|  51|0x0000000083300000, 0x0000000083300000, 0x0000000083400000|  0%| F|  |TAMS 0x0000000083300000, 0x0000000083300000| Untracked 
|  52|0x0000000083400000, 0x0000000083400000, 0x0000000083500000|  0%| F|  |TAMS 0x0000000083400000, 0x0000000083400000| Untracked 
|  53|0x0000000083500000, 0x0000000083500000, 0x0000000083600000|  0%| F|  |TAMS 0x0000000083500000, 0x0000000083500000| Untracked 
|  54|0x0000000083600000, 0x0000000083600000, 0x0000000083700000|  0%| F|  |TAMS 0x0000000083600000, 0x0000000083600000| Untracked 
|  55|0x0000000083700000, 0x0000000083700000, 0x0000000083800000|  0%| F|  |TAMS 0x0000000083700000, 0x0000000083700000| Untracked 
|  56|0x0000000083800000, 0x0000000083800000, 0x0000000083900000|  0%| F|  |TAMS 0x0000000083800000, 0x0000000083800000| Untracked 
|  57|0x0000000083900000, 0x0000000083900000, 0x0000000083a00000|  0%| F|  |TAMS 0x0000000083900000, 0x0000000083900000| Untracked 
|  58|0x0000000083a00000, 0x0000000083a00000, 0x0000000083b00000|  0%| F|  |TAMS 0x0000000083a00000, 0x0000000083a00000| Untracked 
|  59|0x0000000083b00000, 0x0000000083b00000, 0x0000000083c00000|  0%| F|  |TAMS 0x0000000083b00000, 0x0000000083b00000| Untracked 
|  60|0x0000000083c00000, 0x0000000083c00000, 0x0000000083d00000|  0%| F|  |TAMS 0x0000000083c00000, 0x0000000083c00000| Untracked 
|  61|0x0000000083d00000, 0x0000000083d00000, 0x0000000083e00000|  0%| F|  |TAMS 0x0000000083d00000, 0x0000000083d00000| Untracked 
|  62|0x0000000083e00000, 0x0000000083e00000, 0x0000000083f00000|  0%| F|  |TAMS 0x0000000083e00000, 0x0000000083e00000| Untracked 
|  63|0x0000000083f00000, 0x0000000083f00000, 0x0000000084000000|  0%| F|  |TAMS 0x0000000083f00000, 0x0000000083f00000| Untracked 
|  64|0x0000000084000000, 0x0000000084000000, 0x0000000084100000|  0%| F|  |TAMS 0x0000000084000000, 0x0000000084000000| Untracked 
|  65|0x0000000084100000, 0x0000000084100000, 0x0000000084200000|  0%| F|  |TAMS 0x0000000084100000, 0x0000000084100000| Untracked 
|  66|0x0000000084200000, 0x0000000084200000, 0x0000000084300000|  0%| F|  |TAMS 0x0000000084200000, 0x0000000084200000| Untracked 
|  67|0x0000000084300000, 0x0000000084300000, 0x0000000084400000|  0%| F|  |TAMS 0x0000000084300000, 0x0000000084300000| Untracked 
|  68|0x0000000084400000, 0x0000000084400000, 0x0000000084500000|  0%| F|  |TAMS 0x0000000084400000, 0x0000000084400000| Untracked 
|  69|0x0000000084500000, 0x0000000084500000, 0x0000000084600000|  0%| F|  |TAMS 0x0000000084500000, 0x0000000084500000| Untracked 
|  70|0x0000000084600000, 0x0000000084600000, 0x0000000084700000|  0%| F|  |TAMS 0x0000000084600000, 0x0000000084600000| Untracked 
|  71|0x0000000084700000, 0x0000000084700000, 0x0000000084800000|  0%| F|  |TAMS 0x0000000084700000, 0x0000000084700000| Untracked 
|  72|0x0000000084800000, 0x0000000084800000, 0x0000000084900000|  0%| F|  |TAMS 0x0000000084800000, 0x0000000084800000| Untracked 
|  73|0x0000000084900000, 0x0000000084900000, 0x0000000084a00000|  0%| F|  |TAMS 0x0000000084900000, 0x0000000084900000| Untracked 
|  74|0x0000000084a00000, 0x0000000084a00000, 0x0000000084b00000|  0%| F|  |TAMS 0x0000000084a00000, 0x0000000084a00000| Untracked 
|  75|0x0000000084b00000, 0x0000000084b00000, 0x0000000084c00000|  0%| F|  |TAMS 0x0000000084b00000, 0x0000000084b00000| Untracked 
|  76|0x0000000084c00000, 0x0000000084c00000, 0x0000000084d00000|  0%| F|  |TAMS 0x0000000084c00000, 0x0000000084c00000| Untracked 
|  77|0x0000000084d00000, 0x0000000084d00000, 0x0000000084e00000|  0%| F|  |TAMS 0x0000000084d00000, 0x0000000084d00000| Untracked 
|  78|0x0000000084e00000, 0x0000000084e00000, 0x0000000084f00000|  0%| F|  |TAMS 0x0000000084e00000, 0x0000000084e00000| Untracked 
|  79|0x0000000084f00000, 0x0000000084f00000, 0x0000000085000000|  0%| F|  |TAMS 0x0000000084f00000, 0x0000000084f00000| Untracked 
|  80|0x0000000085000000, 0x0000000085000000, 0x0000000085100000|  0%| F|  |TAMS 0x0000000085000000, 0x0000000085000000| Untracked 
|  81|0x0000000085100000, 0x0000000085100000, 0x0000000085200000|  0%| F|  |TAMS 0x0000000085100000, 0x0000000085100000| Untracked 
|  82|0x0000000085200000, 0x0000000085200000, 0x0000000085300000|  0%| F|  |TAMS 0x0000000085200000, 0x0000000085200000| Untracked 
|  83|0x0000000085300000, 0x0000000085300000, 0x0000000085400000|  0%| F|  |TAMS 0x0000000085300000, 0x0000000085300000| Untracked 
|  84|0x0000000085400000, 0x0000000085400000, 0x0000000085500000|  0%| F|  |TAMS 0x0000000085400000, 0x0000000085400000| Untracked 
|  85|0x0000000085500000, 0x0000000085500000, 0x0000000085600000|  0%| F|  |TAMS 0x0000000085500000, 0x0000000085500000| Untracked 
|  86|0x0000000085600000, 0x0000000085600000, 0x0000000085700000|  0%| F|  |TAMS 0x0000000085600000, 0x0000000085600000| Untracked 
|  87|0x0000000085700000, 0x0000000085700000, 0x0000000085800000|  0%| F|  |TAMS 0x0000000085700000, 0x0000000085700000| Untracked 
|  88|0x0000000085800000, 0x0000000085800000, 0x0000000085900000|  0%| F|  |TAMS 0x0000000085800000, 0x0000000085800000| Untracked 
|  89|0x0000000085900000, 0x0000000085900000, 0x0000000085a00000|  0%| F|  |TAMS 0x0000000085900000, 0x0000000085900000| Untracked 
|  90|0x0000000085a00000, 0x0000000085a00000, 0x0000000085b00000|  0%| F|  |TAMS 0x0000000085a00000, 0x0000000085a00000| Untracked 
|  91|0x0000000085b00000, 0x0000000085b00000, 0x0000000085c00000|  0%| F|  |TAMS 0x0000000085b00000, 0x0000000085b00000| Untracked 
|  92|0x0000000085c00000, 0x0000000085c00000, 0x0000000085d00000|  0%| F|  |TAMS 0x0000000085c00000, 0x0000000085c00000| Untracked 
|  93|0x0000000085d00000, 0x0000000085d00000, 0x0000000085e00000|  0%| F|  |TAMS 0x0000000085d00000, 0x0000000085d00000| Untracked 
|  94|0x0000000085e00000, 0x0000000085e00000, 0x0000000085f00000|  0%| F|  |TAMS 0x0000000085e00000, 0x0000000085e00000| Untracked 
|  95|0x0000000085f00000, 0x0000000085f00000, 0x0000000086000000|  0%| F|  |TAMS 0x0000000085f00000, 0x0000000085f00000| Untracked 
|  96|0x0000000086000000, 0x0000000086000000, 0x0000000086100000|  0%| F|  |TAMS 0x0000000086000000, 0x0000000086000000| Untracked 
|  97|0x0000000086100000, 0x0000000086100000, 0x0000000086200000|  0%| F|  |TAMS 0x0000000086100000, 0x0000000086100000| Untracked 
|  98|0x0000000086200000, 0x0000000086200000, 0x0000000086300000|  0%| F|  |TAMS 0x0000000086200000, 0x0000000086200000| Untracked 
|  99|0x0000000086300000, 0x0000000086300000, 0x0000000086400000|  0%| F|  |TAMS 0x0000000086300000, 0x0000000086300000| Untracked 
| 100|0x0000000086400000, 0x0000000086400000, 0x0000000086500000|  0%| F|  |TAMS 0x0000000086400000, 0x0000000086400000| Untracked 
| 101|0x0000000086500000, 0x0000000086500000, 0x0000000086600000|  0%| F|  |TAMS 0x0000000086500000, 0x0000000086500000| Untracked 
| 102|0x0000000086600000, 0x0000000086600000, 0x0000000086700000|  0%| F|  |TAMS 0x0000000086600000, 0x0000000086600000| Untracked 
| 103|0x0000000086700000, 0x0000000086700000, 0x0000000086800000|  0%| F|  |TAMS 0x0000000086700000, 0x0000000086700000| Untracked 
| 104|0x0000000086800000, 0x0000000086800000, 0x0000000086900000|  0%| F|  |TAMS 0x0000000086800000, 0x0000000086800000| Untracked 
| 105|0x0000000086900000, 0x0000000086900000, 0x0000000086a00000|  0%| F|  |TAMS 0x0000000086900000, 0x0000000086900000| Untracked 
| 106|0x0000000086a00000, 0x0000000086a00000, 0x0000000086b00000|  0%| F|  |TAMS 0x0000000086a00000, 0x0000000086a00000| Untracked 
| 107|0x0000000086b00000, 0x0000000086b00000, 0x0000000086c00000|  0%| F|  |TAMS 0x0000000086b00000, 0x0000000086b00000| Untracked 
| 108|0x0000000086c00000, 0x0000000086c00000, 0x0000000086d00000|  0%| F|  |TAMS 0x0000000086c00000, 0x0000000086c00000| Untracked 
| 109|0x0000000086d00000, 0x0000000086d00000, 0x0000000086e00000|  0%| F|  |TAMS 0x0000000086d00000, 0x0000000086d00000| Untracked 
| 110|0x0000000086e00000, 0x0000000086e00000, 0x0000000086f00000|  0%| F|  |TAMS 0x0000000086e00000, 0x0000000086e00000| Untracked 
| 111|0x0000000086f00000, 0x0000000086f00000, 0x0000000087000000|  0%| F|  |TAMS 0x0000000086f00000, 0x0000000086f00000| Untracked 
| 112|0x0000000087000000, 0x0000000087000000, 0x0000000087100000|  0%| F|  |TAMS 0x0000000087000000, 0x0000000087000000| Untracked 
| 113|0x0000000087100000, 0x0000000087100000, 0x0000000087200000|  0%| F|  |TAMS 0x0000000087100000, 0x0000000087100000| Untracked 
| 114|0x0000000087200000, 0x0000000087200000, 0x0000000087300000|  0%| F|  |TAMS 0x0000000087200000, 0x0000000087200000| Untracked 
| 115|0x0000000087300000, 0x0000000087300000, 0x0000000087400000|  0%| F|  |TAMS 0x0000000087300000, 0x0000000087300000| Untracked 
| 116|0x0000000087400000, 0x0000000087400000, 0x0000000087500000|  0%| F|  |TAMS 0x0000000087400000, 0x0000000087400000| Untracked 
| 117|0x0000000087500000, 0x0000000087500000, 0x0000000087600000|  0%| F|  |TAMS 0x0000000087500000, 0x0000000087500000| Untracked 
| 118|0x0000000087600000, 0x0000000087600000, 0x0000000087700000|  0%| F|  |TAMS 0x0000000087600000, 0x0000000087600000| Untracked 
| 119|0x0000000087700000, 0x0000000087700000, 0x0000000087800000|  0%| F|  |TAMS 0x0000000087700000, 0x0000000087700000| Untracked 
| 120|0x0000000087800000, 0x0000000087800000, 0x0000000087900000|  0%| F|  |TAMS 0x0000000087800000, 0x0000000087800000| Untracked 
| 121|0x0000000087900000, 0x0000000087900000, 0x0000000087a00000|  0%| F|  |TAMS 0x0000000087900000, 0x0000000087900000| Untracked 
| 122|0x0000000087a00000, 0x0000000087a00000, 0x0000000087b00000|  0%| F|  |TAMS 0x0000000087a00000, 0x0000000087a00000| Untracked 
| 123|0x0000000087b00000, 0x0000000087b00000, 0x0000000087c00000|  0%| F|  |TAMS 0x0000000087b00000, 0x0000000087b00000| Untracked 
| 124|0x0000000087c00000, 0x0000000087c00000, 0x0000000087d00000|  0%| F|  |TAMS 0x0000000087c00000, 0x0000000087c00000| Untracked 
| 125|0x0000000087d00000, 0x0000000087d00000, 0x0000000087e00000|  0%| F|  |TAMS 0x0000000087d00000, 0x0000000087d00000| Untracked 
| 126|0x0000000087e00000, 0x0000000087e00000, 0x0000000087f00000|  0%| F|  |TAMS 0x0000000087e00000, 0x0000000087e00000| Untracked 
| 127|0x0000000087f00000, 0x0000000087f00000, 0x0000000088000000|  0%| F|  |TAMS 0x0000000087f00000, 0x0000000087f00000| Untracked 
| 128|0x0000000088000000, 0x0000000088000000, 0x0000000088100000|  0%| F|  |TAMS 0x0000000088000000, 0x0000000088000000| Untracked 
| 129|0x0000000088100000, 0x0000000088100000, 0x0000000088200000|  0%| F|  |TAMS 0x0000000088100000, 0x0000000088100000| Untracked 
| 130|0x0000000088200000, 0x0000000088200000, 0x0000000088300000|  0%| F|  |TAMS 0x0000000088200000, 0x0000000088200000| Untracked 
| 131|0x0000000088300000, 0x0000000088300000, 0x0000000088400000|  0%| F|  |TAMS 0x0000000088300000, 0x0000000088300000| Untracked 
| 132|0x0000000088400000, 0x0000000088400000, 0x0000000088500000|  0%| F|  |TAMS 0x0000000088400000, 0x0000000088400000| Untracked 
| 133|0x0000000088500000, 0x0000000088500000, 0x0000000088600000|  0%| F|  |TAMS 0x0000000088500000, 0x0000000088500000| Untracked 
| 134|0x0000000088600000, 0x0000000088600000, 0x0000000088700000|  0%| F|  |TAMS 0x0000000088600000, 0x0000000088600000| Untracked 
| 135|0x0000000088700000, 0x0000000088700000, 0x0000000088800000|  0%| F|  |TAMS 0x0000000088700000, 0x0000000088700000| Untracked 
| 136|0x0000000088800000, 0x0000000088800000, 0x0000000088900000|  0%| F|  |TAMS 0x0000000088800000, 0x0000000088800000| Untracked 
| 137|0x0000000088900000, 0x0000000088900000, 0x0000000088a00000|  0%| F|  |TAMS 0x0000000088900000, 0x0000000088900000| Untracked 
| 138|0x0000000088a00000, 0x0000000088a00000, 0x0000000088b00000|  0%| F|  |TAMS 0x0000000088a00000, 0x0000000088a00000| Untracked 
| 139|0x0000000088b00000, 0x0000000088b00000, 0x0000000088c00000|  0%| F|  |TAMS 0x0000000088b00000, 0x0000000088b00000| Untracked 
| 140|0x0000000088c00000, 0x0000000088c00000, 0x0000000088d00000|  0%| F|  |TAMS 0x0000000088c00000, 0x0000000088c00000| Untracked 
| 141|0x0000000088d00000, 0x0000000088d00000, 0x0000000088e00000|  0%| F|  |TAMS 0x0000000088d00000, 0x0000000088d00000| Untracked 
| 142|0x0000000088e00000, 0x0000000088e00000, 0x0000000088f00000|  0%| F|  |TAMS 0x0000000088e00000, 0x0000000088e00000| Untracked 
| 143|0x0000000088f00000, 0x0000000088f00000, 0x0000000089000000|  0%| F|  |TAMS 0x0000000088f00000, 0x0000000088f00000| Untracked 
| 144|0x0000000089000000, 0x0000000089000000, 0x0000000089100000|  0%| F|  |TAMS 0x0000000089000000, 0x0000000089000000| Untracked 
| 145|0x0000000089100000, 0x0000000089100000, 0x0000000089200000|  0%| F|  |TAMS 0x0000000089100000, 0x0000000089100000| Untracked 
| 146|0x0000000089200000, 0x0000000089200000, 0x0000000089300000|  0%| F|  |TAMS 0x0000000089200000, 0x0000000089200000| Untracked 
| 147|0x0000000089300000, 0x0000000089300000, 0x0000000089400000|  0%| F|  |TAMS 0x0000000089300000, 0x0000000089300000| Untracked 
| 148|0x0000000089400000, 0x0000000089400000, 0x0000000089500000|  0%| F|  |TAMS 0x0000000089400000, 0x0000000089400000| Untracked 
| 149|0x0000000089500000, 0x0000000089500000, 0x0000000089600000|  0%| F|  |TAMS 0x0000000089500000, 0x0000000089500000| Untracked 
| 150|0x0000000089600000, 0x0000000089600000, 0x0000000089700000|  0%| F|  |TAMS 0x0000000089600000, 0x0000000089600000| Untracked 
| 151|0x0000000089700000, 0x0000000089700000, 0x0000000089800000|  0%| F|  |TAMS 0x0000000089700000, 0x0000000089700000| Untracked 
| 152|0x0000000089800000, 0x0000000089800000, 0x0000000089900000|  0%| F|  |TAMS 0x0000000089800000, 0x0000000089800000| Untracked 
| 153|0x0000000089900000, 0x0000000089900000, 0x0000000089a00000|  0%| F|  |TAMS 0x0000000089900000, 0x0000000089900000| Untracked 
| 154|0x0000000089a00000, 0x0000000089a00000, 0x0000000089b00000|  0%| F|  |TAMS 0x0000000089a00000, 0x0000000089a00000| Untracked 
| 155|0x0000000089b00000, 0x0000000089b00000, 0x0000000089c00000|  0%| F|  |TAMS 0x0000000089b00000, 0x0000000089b00000| Untracked 
| 156|0x0000000089c00000, 0x0000000089c00000, 0x0000000089d00000|  0%| F|  |TAMS 0x0000000089c00000, 0x0000000089c00000| Untracked 
| 157|0x0000000089d00000, 0x0000000089d00000, 0x0000000089e00000|  0%| F|  |TAMS 0x0000000089d00000, 0x0000000089d00000| Untracked 
| 158|0x0000000089e00000, 0x0000000089e00000, 0x0000000089f00000|  0%| F|  |TAMS 0x0000000089e00000, 0x0000000089e00000| Untracked 
| 159|0x0000000089f00000, 0x0000000089f00000, 0x000000008a000000|  0%| F|  |TAMS 0x0000000089f00000, 0x0000000089f00000| Untracked 
| 160|0x000000008a000000, 0x000000008a000000, 0x000000008a100000|  0%| F|  |TAMS 0x000000008a000000, 0x000000008a000000| Untracked 
| 161|0x000000008a100000, 0x000000008a100000, 0x000000008a200000|  0%| F|  |TAMS 0x000000008a100000, 0x000000008a100000| Untracked 
| 162|0x000000008a200000, 0x000000008a200000, 0x000000008a300000|  0%| F|  |TAMS 0x000000008a200000, 0x000000008a200000| Untracked 
| 163|0x000000008a300000, 0x000000008a300000, 0x000000008a400000|  0%| F|  |TAMS 0x000000008a300000, 0x000000008a300000| Untracked 
| 164|0x000000008a400000, 0x000000008a400000, 0x000000008a500000|  0%| F|  |TAMS 0x000000008a400000, 0x000000008a400000| Untracked 
| 165|0x000000008a500000, 0x000000008a500000, 0x000000008a600000|  0%| F|  |TAMS 0x000000008a500000, 0x000000008a500000| Untracked 
| 166|0x000000008a600000, 0x000000008a600000, 0x000000008a700000|  0%| F|  |TAMS 0x000000008a600000, 0x000000008a600000| Untracked 
| 167|0x000000008a700000, 0x000000008a700000, 0x000000008a800000|  0%| F|  |TAMS 0x000000008a700000, 0x000000008a700000| Untracked 
| 168|0x000000008a800000, 0x000000008a800000, 0x000000008a900000|  0%| F|  |TAMS 0x000000008a800000, 0x000000008a800000| Untracked 
| 169|0x000000008a900000, 0x000000008a900000, 0x000000008aa00000|  0%| F|  |TAMS 0x000000008a900000, 0x000000008a900000| Untracked 
| 170|0x000000008aa00000, 0x000000008aae5cb0, 0x000000008ab00000| 89%| S|CS|TAMS 0x000000008aa00000, 0x000000008aa00000| Complete 
| 171|0x000000008ab00000, 0x000000008ac00000, 0x000000008ac00000|100%| S|CS|TAMS 0x000000008ab00000, 0x000000008ab00000| Complete 
| 172|0x000000008ac00000, 0x000000008ad00000, 0x000000008ad00000|100%| S|CS|TAMS 0x000000008ac00000, 0x000000008ac00000| Complete 
| 173|0x000000008ad00000, 0x000000008ae00000, 0x000000008ae00000|100%| S|CS|TAMS 0x000000008ad00000, 0x000000008ad00000| Complete 
| 174|0x000000008ae00000, 0x000000008ae00000, 0x000000008af00000|  0%| F|  |TAMS 0x000000008ae00000, 0x000000008ae00000| Untracked 
| 175|0x000000008af00000, 0x000000008af00000, 0x000000008b000000|  0%| F|  |TAMS 0x000000008af00000, 0x000000008af00000| Untracked 
| 176|0x000000008b000000, 0x000000008b000000, 0x000000008b100000|  0%| F|  |TAMS 0x000000008b000000, 0x000000008b000000| Untracked 
| 177|0x000000008b100000, 0x000000008b100000, 0x000000008b200000|  0%| F|  |TAMS 0x000000008b100000, 0x000000008b100000| Untracked 
| 178|0x000000008b200000, 0x000000008b200000, 0x000000008b300000|  0%| F|  |TAMS 0x000000008b200000, 0x000000008b200000| Untracked 
| 179|0x000000008b300000, 0x000000008b300000, 0x000000008b400000|  0%| F|  |TAMS 0x000000008b300000, 0x000000008b300000| Untracked 
| 180|0x000000008b400000, 0x000000008b400000, 0x000000008b500000|  0%| F|  |TAMS 0x000000008b400000, 0x000000008b400000| Untracked 
| 181|0x000000008b500000, 0x000000008b5d87d0, 0x000000008b600000| 84%| E|  |TAMS 0x000000008b500000, 0x000000008b500000| Complete 
| 182|0x000000008b600000, 0x000000008b700000, 0x000000008b700000|100%| E|CS|TAMS 0x000000008b600000, 0x000000008b600000| Complete 
| 183|0x000000008b700000, 0x000000008b800000, 0x000000008b800000|100%| E|CS|TAMS 0x000000008b700000, 0x000000008b700000| Complete 
| 184|0x000000008b800000, 0x000000008b900000, 0x000000008b900000|100%| E|CS|TAMS 0x000000008b800000, 0x000000008b800000| Complete 
| 185|0x000000008b900000, 0x000000008ba00000, 0x000000008ba00000|100%| E|CS|TAMS 0x000000008b900000, 0x000000008b900000| Complete 
| 186|0x000000008ba00000, 0x000000008bb00000, 0x000000008bb00000|100%| E|CS|TAMS 0x000000008ba00000, 0x000000008ba00000| Complete 
| 187|0x000000008bb00000, 0x000000008bc00000, 0x000000008bc00000|100%| E|CS|TAMS 0x000000008bb00000, 0x000000008bb00000| Complete 
| 188|0x000000008bc00000, 0x000000008bd00000, 0x000000008bd00000|100%| E|CS|TAMS 0x000000008bc00000, 0x000000008bc00000| Complete 
| 189|0x000000008bd00000, 0x000000008be00000, 0x000000008be00000|100%| E|CS|TAMS 0x000000008bd00000, 0x000000008bd00000| Complete 
| 190|0x000000008be00000, 0x000000008bf00000, 0x000000008bf00000|100%| E|CS|TAMS 0x000000008be00000, 0x000000008be00000| Complete 
| 191|0x000000008bf00000, 0x000000008c000000, 0x000000008c000000|100%| E|CS|TAMS 0x000000008bf00000, 0x000000008bf00000| Complete 

Card table byte_map: [0x00000202a2320000,0x00000202a2720000] _byte_map_base: 0x00000202a1f20000

Marking Bits (Prev, Next): (CMBitMap*) 0x000002028f46da30, (CMBitMap*) 0x000002028f46d9f8
 Prev Bits: [0x00000202a4b20000, 0x00000202a6b20000)
 Next Bits: [0x00000202a2b20000, 0x00000202a4b20000)

Polling page: 0x000002028d430000

Metaspace:

Usage:
  Non-class:     18.95 MB capacity,    18.53 MB ( 98%) used,   398.68 KB (  2%) free+waste,    39.44 KB ( <1%) overhead. 
      Class:      2.85 MB capacity,     2.67 MB ( 93%) used,   173.00 KB (  6%) free+waste,    19.69 KB ( <1%) overhead. 
       Both:     21.81 MB capacity,    21.19 MB ( 97%) used,   571.68 KB (  3%) free+waste,    59.13 KB ( <1%) overhead. 

Virtual space:
  Non-class space:       24.00 MB reserved,      19.17 MB ( 80%) committed 
      Class space:        1.00 GB reserved,       2.88 MB ( <1%) committed 
             Both:        1.02 GB reserved,      22.05 MB (  2%) committed 

Chunk freelists:
   Non-Class:  96.00 KB
       Class:  22.00 KB
        Both:  118.00 KB

MaxMetaspaceSize: 17179869184.00 GB
CompressedClassSpaceSize: 1.00 GB

CodeHeap 'non-profiled nmethods': size=120064Kb used=853Kb max_used=853Kb free=119210Kb
 bounds [0x000002029a9e0000, 0x000002029ac50000, 0x00000202a1f20000]
CodeHeap 'profiled nmethods': size=120000Kb used=4056Kb max_used=4056Kb free=115943Kb
 bounds [0x00000202934b0000, 0x00000202938b0000, 0x000002029a9e0000]
CodeHeap 'non-nmethods': size=5696Kb used=1130Kb max_used=1141Kb free=4566Kb
 bounds [0x0000020292f20000, 0x0000020293190000, 0x00000202934b0000]
 total_blobs=2385 nmethods=1923 adapters=373
 compilation: enabled
              stopped_count=0, restarted_count=0
 full_count=0

Compilation events (20 events):
Event: 3.778 Thread 0x00000202a903f800 1911       4       java.io.RandomAccessFile::readFully (45 bytes)
Event: 3.780 Thread 0x00000202a903f800 nmethod 1911 0x000002029aab4810 code [0x000002029aab49c0, 0x000002029aab4a88]
Event: 3.788 Thread 0x00000202a903f800 1912   !   4       java.lang.ClassLoader::loadClass (122 bytes)
Event: 3.802 Thread 0x00000202a9043800 1913       3       java.util.concurrent.locks.ReentrantLock$Sync::tryRelease (45 bytes)
Event: 3.802 Thread 0x00000202a9043800 nmethod 1913 0x0000020293897390 code [0x0000020293897560, 0x0000020293897848]
Event: 3.802 Thread 0x00000202a9043800 1914       3       java.util.concurrent.locks.ReentrantLock$Sync::nonfairTryAcquire (67 bytes)
Event: 3.803 Thread 0x00000202a9043800 nmethod 1914 0x0000020293897910 code [0x0000020293897b60, 0x0000020293898448]
Event: 3.837 Thread 0x00000202a9043800 1916       3       java.lang.Package::<init> (47 bytes)
Event: 3.838 Thread 0x00000202a9043800 nmethod 1916 0x0000020293898790 code [0x0000020293898980, 0x0000020293898dc8]
Event: 3.841 Thread 0x00000202a9043800 1917       3       org.gradle.internal.service.DefaultServiceRegistry$SingletonService::getAll (23 bytes)
Event: 3.842 Thread 0x00000202a9043800 nmethod 1917 0x0000020293899010 code [0x00000202938991e0, 0x0000020293899468]
Event: 3.844 Thread 0x00000202a9043800 1919       1       sun.reflect.generics.repository.AbstractRepository::getFactory (5 bytes)
Event: 3.844 Thread 0x00000202a9043800 nmethod 1919 0x000002029aab5090 code [0x000002029aab5240, 0x000002029aab52f8]
Event: 3.852 Thread 0x00000202a9043800 1922       3       jdk.internal.org.objectweb.asm.Type::getArgumentsAndReturnSizes (151 bytes)
Event: 3.856 Thread 0x00000202a9043800 nmethod 1922 0x0000020293899590 code [0x0000020293899900, 0x000002029389b178]
Event: 3.856 Thread 0x00000202a9043800 1923       3       java.lang.invoke.DirectMethodHandle::preparedLambdaForm (31 bytes)
Event: 3.856 Thread 0x00000202a9043800 nmethod 1923 0x000002029389ba10 code [0x000002029389bc00, 0x000002029389be28]
Event: 3.857 Thread 0x00000202a9043800 1924       3       org.gradle.internal.service.DefaultServiceRegistry::find (142 bytes)
Event: 3.860 Thread 0x00000202a9043800 nmethod 1924 0x000002029389bf90 code [0x000002029389c340, 0x000002029389dc68]
Event: 3.871 Thread 0x00000202a9043800 1925       3       java.lang.invoke.VarHandleGuards::guard_LL_V (103 bytes)

GC Heap History (10 events):
Event: 0.776 GC heap before
{Heap before GC invocations=0 (full 0):
 garbage-first heap   total 196608K, used 19456K [0x0000000080000000, 0x0000000100000000)
  region size 1024K, 14 young (14336K), 0 survivors (0K)
 Metaspace       used 7428K, capacity 7603K, committed 7680K, reserved 1056768K
  class space    used 683K, capacity 748K, committed 768K, reserved 1048576K
}
Event: 0.782 GC heap after
{Heap after GC invocations=1 (full 0):
 garbage-first heap   total 196608K, used 7705K [0x0000000080000000, 0x0000000100000000)
  region size 1024K, 2 young (2048K), 2 survivors (2048K)
 Metaspace       used 7428K, capacity 7603K, committed 7680K, reserved 1056768K
  class space    used 683K, capacity 748K, committed 768K, reserved 1048576K
}
Event: 1.283 GC heap before
{Heap before GC invocations=1 (full 0):
 garbage-first heap   total 196608K, used 18969K [0x0000000080000000, 0x0000000100000000)
  region size 1024K, 13 young (13312K), 2 survivors (2048K)
 Metaspace       used 10819K, capacity 11067K, committed 11264K, reserved 1058816K
  class space    used 1142K, capacity 1201K, committed 1280K, reserved 1048576K
}
Event: 1.288 GC heap after
{Heap after GC invocations=2 (full 0):
 garbage-first heap   total 196608K, used 8704K [0x0000000080000000, 0x0000000100000000)
  region size 1024K, 1 young (1024K), 1 survivors (1024K)
 Metaspace       used 10819K, capacity 11067K, committed 11264K, reserved 1058816K
  class space    used 1142K, capacity 1201K, committed 1280K, reserved 1048576K
}
Event: 1.776 GC heap before
{Heap before GC invocations=2 (full 0):
 garbage-first heap   total 196608K, used 34304K [0x0000000080000000, 0x0000000100000000)
  region size 1024K, 27 young (27648K), 1 survivors (1024K)
 Metaspace       used 10975K, capacity 11196K, committed 11520K, reserved 1058816K
  class space    used 1142K, capacity 1201K, committed 1280K, reserved 1048576K
}
Event: 1.783 GC heap after
{Heap after GC invocations=3 (full 0):
 garbage-first heap   total 196608K, used 12158K [0x0000000080000000, 0x0000000100000000)
  region size 1024K, 4 young (4096K), 4 survivors (4096K)
 Metaspace       used 10975K, capacity 11196K, committed 11520K, reserved 1058816K
  class space    used 1142K, capacity 1201K, committed 1280K, reserved 1048576K
}
Event: 3.330 GC heap before
{Heap before GC invocations=3 (full 0):
 garbage-first heap   total 196608K, used 51070K [0x0000000080000000, 0x0000000100000000)
  region size 1024K, 42 young (43008K), 4 survivors (4096K)
 Metaspace       used 17971K, capacity 18421K, committed 18688K, reserved 1064960K
  class space    used 2144K, capacity 2273K, committed 2304K, reserved 1048576K
}
Event: 3.340 GC heap after
{Heap after GC invocations=4 (full 0):
 garbage-first heap   total 196608K, used 15525K [0x0000000080000000, 0x0000000100000000)
  region size 1024K, 4 young (4096K), 4 survivors (4096K)
 Metaspace       used 17971K, capacity 18421K, committed 18688K, reserved 1064960K
  class space    used 2144K, capacity 2273K, committed 2304K, reserved 1048576K
}
Event: 3.674 GC heap before
{Heap before GC invocations=4 (full 0):
 garbage-first heap   total 196608K, used 32933K [0x0000000080000000, 0x0000000100000000)
  region size 1024K, 22 young (22528K), 4 survivors (4096K)
 Metaspace       used 20574K, capacity 21187K, committed 21296K, reserved 1069056K
  class space    used 2513K, capacity 2688K, committed 2688K, reserved 1048576K
}
Event: 3.684 GC heap after
{Heap after GC invocations=5 (full 0):
 garbage-first heap   total 196608K, used 16049K [0x0000000080000000, 0x0000000100000000)
  region size 1024K, 4 young (4096K), 4 survivors (4096K)
 Metaspace       used 20574K, capacity 21187K, committed 21296K, reserved 1069056K
  class space    used 2513K, capacity 2688K, committed 2688K, reserved 1048576K
}

Deoptimization events (20 events):
Event: 3.613 Thread 0x00000202ab0ed000 Uncommon trap: trap_request=0xffffff4d fr.pc=0x000002029aa419f8 relative=0x00000000000005b8
Event: 3.613 Thread 0x00000202ab0ed000 Uncommon trap: reason=unstable_if action=reinterpret pc=0x000002029aa419f8 method=java.io.File.getName()Ljava/lang/String; @ 16 c2
Event: 3.613 Thread 0x00000202ab0ed000 DEOPT PACKING pc=0x000002029aa419f8 sp=0x000000540ecfbad0
Event: 3.613 Thread 0x00000202ab0ed000 DEOPT UNPACKING pc=0x0000020292f478af sp=0x000000540ecfbaa0 mode 2
Event: 3.613 Thread 0x00000202ab0ed000 Uncommon trap: trap_request=0xffffff4d fr.pc=0x000002029aa3f410 relative=0x0000000000000450
Event: 3.613 Thread 0x00000202ab0ed000 Uncommon trap: reason=unstable_if action=reinterpret pc=0x000002029aa3f410 method=java.lang.String.substring(I)Ljava/lang/String; @ 34 c2
Event: 3.613 Thread 0x00000202ab0ed000 DEOPT PACKING pc=0x000002029aa3f410 sp=0x000000540ecfba50
Event: 3.613 Thread 0x00000202ab0ed000 DEOPT UNPACKING pc=0x0000020292f478af sp=0x000000540ecfba28 mode 2
Event: 3.737 Thread 0x00000202ab0ed000 Uncommon trap: trap_request=0xffffff4d fr.pc=0x000002029aaa5970 relative=0x00000000000003b0
Event: 3.737 Thread 0x00000202ab0ed000 Uncommon trap: reason=unstable_if action=reinterpret pc=0x000002029aaa5970 method=jdk.internal.org.objectweb.asm.Type.getArgumentsAndReturnSizes(Ljava/lang/String;)I @ 88 c2
Event: 3.737 Thread 0x00000202ab0ed000 DEOPT PACKING pc=0x000002029aaa5970 sp=0x000000540ecfa940
Event: 3.737 Thread 0x00000202ab0ed000 DEOPT UNPACKING pc=0x0000020292f478af sp=0x000000540ecfa8c8 mode 2
Event: 3.748 Thread 0x00000202ab0ed000 Uncommon trap: trap_request=0xffffffcc fr.pc=0x000002029aaaf878 relative=0x00000000000002b8
Event: 3.748 Thread 0x00000202ab0ed000 Uncommon trap: reason=intrinsic_or_type_checked_inlining action=make_not_entrant pc=0x000002029aaaf878 method=java.util.Arrays.copyOf([Ljava/lang/Object;ILjava/lang/Class;)[Ljava/lang/Object; @ 35 c2
Event: 3.748 Thread 0x00000202ab0ed000 DEOPT PACKING pc=0x000002029aaaf878 sp=0x000000540ecfca70
Event: 3.748 Thread 0x00000202ab0ed000 DEOPT UNPACKING pc=0x0000020292f478af sp=0x000000540ecfca00 mode 2
Event: 3.771 Thread 0x00000202ab0ed000 Uncommon trap: trap_request=0xffffff4d fr.pc=0x000002029aa4037c relative=0x0000000000000adc
Event: 3.771 Thread 0x00000202ab0ed000 Uncommon trap: reason=unstable_if action=reinterpret pc=0x000002029aa4037c method=java.util.Properties$LineReader.readLine()I @ 249 c2
Event: 3.771 Thread 0x00000202ab0ed000 DEOPT PACKING pc=0x000002029aa4037c sp=0x000000540ecfc2c0
Event: 3.771 Thread 0x00000202ab0ed000 DEOPT UNPACKING pc=0x0000020292f478af sp=0x000000540ecfc260 mode 2

Classes redefined (0 events):
No events

Internal exceptions (20 events):
Event: 3.041 Thread 0x00000202ab2f1000 Exception <a 'java/lang/NoSuchMethodError'{0x000000008a520368}: <clinit>> (0x000000008a520368) thrown at [./src/hotspot/share/prims/jni.cpp, line 1362]
Event: 3.043 Thread 0x00000202ab2f1000 Exception <a 'java/lang/NoSuchMethodError'{0x000000008a52bc20}: <clinit>> (0x000000008a52bc20) thrown at [./src/hotspot/share/prims/jni.cpp, line 1362]
Event: 3.050 Thread 0x00000202ab2f1000 Exception <a 'java/lang/NoSuchMethodError'{0x000000008a53f438}: <clinit>> (0x000000008a53f438) thrown at [./src/hotspot/share/prims/jni.cpp, line 1362]
Event: 3.054 Thread 0x00000202ab2f1000 Exception <a 'java/lang/NoSuchMethodError'{0x000000008a551218}: <clinit>> (0x000000008a551218) thrown at [./src/hotspot/share/prims/jni.cpp, line 1362]
Event: 3.060 Thread 0x00000202ab2f1000 Exception <a 'java/lang/NoSuchMethodError'{0x000000008a578018}: <clinit>> (0x000000008a578018) thrown at [./src/hotspot/share/prims/jni.cpp, line 1362]
Event: 3.064 Thread 0x00000202ab2f1000 Exception <a 'java/lang/NoSuchMethodError'{0x000000008a58fc00}: <clinit>> (0x000000008a58fc00) thrown at [./src/hotspot/share/prims/jni.cpp, line 1362]
Event: 3.065 Thread 0x00000202ab2f1000 Exception <a 'java/lang/NoSuchMethodError'{0x000000008a5995c8}: <clinit>> (0x000000008a5995c8) thrown at [./src/hotspot/share/prims/jni.cpp, line 1362]
Event: 3.067 Thread 0x00000202ab2f1000 Exception <a 'java/lang/NoSuchMethodError'{0x000000008a5aed88}: <clinit>> (0x000000008a5aed88) thrown at [./src/hotspot/share/prims/jni.cpp, line 1362]
Event: 3.084 Thread 0x00000202ab2f1000 Exception <a 'java/lang/NoSuchMethodError'{0x000000008a009800}: <clinit>> (0x000000008a009800) thrown at [./src/hotspot/share/prims/jni.cpp, line 1362]
Event: 3.090 Thread 0x00000202ab2f1000 Exception <a 'java/lang/NoSuchMethodError'{0x000000008a038bb8}: <clinit>> (0x000000008a038bb8) thrown at [./src/hotspot/share/prims/jni.cpp, line 1362]
Event: 3.097 Thread 0x00000202ab2f1000 Exception <a 'java/lang/NoSuchMethodError'{0x000000008a061830}: <clinit>> (0x000000008a061830) thrown at [./src/hotspot/share/prims/jni.cpp, line 1362]
Event: 3.189 Thread 0x00000202ab0ed000 Exception <a 'java/lang/NoSuchMethodError'{0x0000000089d9ca28}: 'void java.lang.invoke.DelegatingMethodHandle$Holder.reinvoke_L(java.lang.Object, java.lang.Object, java.lang.Object, java.lang.Object)'> (0x0000000089d9ca28) thrown at [./src/hotspot/share/interpreter/linkResolver.cpp, line 773]
Event: 3.198 Thread 0x00000202ab0ed000 Exception <a 'java/lang/NoSuchMethodError'{0x0000000089dd3a60}: 'long java.lang.invoke.DirectMethodHandle$Holder.invokeInterface(java.lang.Object, java.lang.Object)'> (0x0000000089dd3a60) thrown at [./src/hotspot/share/interpreter/linkResolver.cpp, line 773]
Event: 3.201 Thread 0x00000202ab0ed000 Exception <a 'java/lang/NoSuchMethodError'{0x0000000089df5328}: 'void java.lang.invoke.DelegatingMethodHandle$Holder.reinvoke_L(java.lang.Object, java.lang.Object, java.lang.Object, java.lang.Object, java.lang.Object, java.lang.Object, java.lang.Object)'> (0x0000000089df5328) thrown at [./src/hotspot/share/interpreter/linkResolver.cpp, line 773]
Event: 3.472 Thread 0x00000202ab0ed000 Exception <a 'java/lang/NoSuchMethodError'{0x000000008b8850f8}: 'java.lang.Object java.lang.invoke.DirectMethodHandle$Holder.invokeVirtual(java.lang.Object, java.lang.Object, java.lang.Object)'> (0x000000008b8850f8) thrown at [./src/hotspot/share/interpreter/linkResolver.cpp, line 773]
Event: 3.523 Thread 0x00000202ab0ed000 Exception <a 'java/lang/NoSuchMethodError'{0x000000008b406eb8}: 'void java.lang.invoke.DirectMethodHandle$Holder.invokeStaticInit(java.lang.Object)'> (0x000000008b406eb8) thrown at [./src/hotspot/share/interpreter/linkResolver.cpp, line 773]
Event: 3.670 Thread 0x00000202ab0ed000 Exception <a 'java/lang/NoSuchMethodError'{0x000000008ae44588}: 'int java.lang.invoke.DirectMethodHandle$Holder.invokeSpecialIFC(java.lang.Object, java.lang.Object, java.lang.Object, java.lang.Object)'> (0x000000008ae44588) thrown at [./src/hotspot/share/interpreter/linkResolver.cpp, line 773]
Event: 3.673 Thread 0x00000202ab0ed000 Exception <a 'java/lang/NoSuchMethodError'{0x000000008ae52348}: 'java.lang.Object java.lang.invoke.DirectMethodHandle$Holder.invokeInterface(java.lang.Object, java.lang.Object, java.lang.Object)'> (0x000000008ae52348) thrown at [./src/hotspot/share/interpreter/linkResolver.cpp, line 773]
Event: 3.684 Thread 0x00000202ab0ed000 Exception <a 'java/lang/IncompatibleClassChangeError'{0x000000008bf00220}: Found class java.lang.Object, but interface was expected> (0x000000008bf00220) thrown at [./src/hotspot/share/interpreter/linkResolver.cpp, line 839]
Event: 3.800 Thread 0x00000202ab0ed000 Exception <a 'java/lang/NoSuchMethodError'{0x000000008ba244f8}: 'void java.lang.invoke.DirectMethodHandle$Holder.invokeSpecial(java.lang.Object, java.lang.Object)'> (0x000000008ba244f8) thrown at [./src/hotspot/share/interpreter/linkResolver.cpp, line 773]

Events (20 events):
Event: 3.852 loading class org/gradle/kotlin/dsl/provider/KotlinScriptEvaluator
Event: 3.852 loading class org/gradle/kotlin/dsl/provider/KotlinScriptEvaluator done
Event: 3.852 loading class org/gradle/plugin/management/internal/autoapply/AutoAppliedPluginHandler
Event: 3.852 loading class org/gradle/plugin/management/internal/autoapply/AutoAppliedPluginHandler done
Event: 3.853 loading class org/gradle/internal/resource/transport/http/HttpResourcesPluginServiceRegistry$AuthenticationSchemeAction
Event: 3.853 loading class org/gradle/internal/resource/transport/http/HttpResourcesPluginServiceRegistry$AuthenticationSchemeAction done
Event: 3.857 loading class org/gradle/internal/authentication/DefaultAuthenticationSchemeRegistry
Event: 3.857 loading class org/gradle/internal/authentication/DefaultAuthenticationSchemeRegistry done
Event: 3.871 loading class org/gradle/authentication/http/BasicAuthentication
Event: 3.871 loading class org/gradle/authentication/http/BasicAuthentication done
Event: 3.872 loading class org/gradle/authentication/Authentication
Event: 3.872 loading class org/gradle/authentication/Authentication done
Event: 3.872 loading class org/gradle/internal/authentication/DefaultBasicAuthentication
Event: 3.872 loading class org/gradle/internal/authentication/DefaultBasicAuthentication done
Event: 3.872 loading class org/gradle/internal/authentication/AbstractAuthentication
Event: 3.872 loading class org/gradle/internal/authentication/AbstractAuthentication done
Event: 3.873 loading class org/gradle/internal/authentication/AuthenticationInternal
Event: 3.873 loading class org/gradle/internal/authentication/AuthenticationInternal done
Event: 3.873 loading class org/gradle/authentication/http/DigestAuthentication
Event: 3.873 loading class org/gradle/authentication/http/DigestAuthentication done


Dynamic libraries:
0x00007ff7f2db0000 - 0x00007ff7f2dba000 	C:\Program Files\Android\Android Studio4\jre\bin\java.exe
0x00007ff93b350000 - 0x00007ff93b545000 	C:\WINDOWS\SYSTEM32\ntdll.dll
0x00007ff939770000 - 0x00007ff93982d000 	C:\WINDOWS\System32\KERNEL32.DLL
0x00007ff938e80000 - 0x00007ff939149000 	C:\WINDOWS\System32\KERNELBASE.dll
0x00007ff9392b0000 - 0x00007ff9393b0000 	C:\WINDOWS\System32\ucrtbase.dll
0x00007ff916680000 - 0x00007ff916697000 	C:\Program Files\Android\Android Studio4\jre\bin\VCRUNTIME140.dll
0x00007ff917230000 - 0x00007ff917249000 	C:\Program Files\Android\Android Studio4\jre\bin\jli.dll
0x00007ff924830000 - 0x00007ff924aca000 	C:\WINDOWS\WinSxS\amd64_microsoft.windows.common-controls_6595b64144ccf1df_6.0.19041.1110_none_60b5254171f9507e\COMCTL32.dll
0x00007ff93a560000 - 0x00007ff93a5fe000 	C:\WINDOWS\System32\msvcrt.dll
0x00007ff93a4b0000 - 0x00007ff93a4da000 	C:\WINDOWS\System32\GDI32.dll
0x00007ff939250000 - 0x00007ff939272000 	C:\WINDOWS\System32\win32u.dll
0x00007ff938c40000 - 0x00007ff938d4b000 	C:\WINDOWS\System32\gdi32full.dll
0x00007ff938de0000 - 0x00007ff938e7d000 	C:\WINDOWS\System32\msvcp_win.dll
0x00007ff93a2a0000 - 0x00007ff93a440000 	C:\WINDOWS\System32\USER32.dll
0x00007ff93a1b0000 - 0x00007ff93a1e0000 	C:\WINDOWS\System32\IMM32.DLL
0x00007ff901b70000 - 0x00007ff901c0d000 	C:\Program Files\Android\Android Studio4\jre\bin\msvcp140.dll
0x00007ff8fd950000 - 0x00007ff8fe41f000 	C:\Program Files\Android\Android Studio4\jre\bin\server\jvm.dll
0x00007ff93a0a0000 - 0x00007ff93a14c000 	C:\WINDOWS\System32\ADVAPI32.dll
0x00007ff93ad40000 - 0x00007ff93addb000 	C:\WINDOWS\System32\sechost.dll
0x00007ff93ae60000 - 0x00007ff93af8a000 	C:\WINDOWS\System32\RPCRT4.dll
0x00007ff93b100000 - 0x00007ff93b108000 	C:\WINDOWS\System32\PSAPI.DLL
0x00007ff9217b0000 - 0x00007ff9217d7000 	C:\WINDOWS\SYSTEM32\WINMM.dll
0x00007ff922690000 - 0x00007ff922699000 	C:\WINDOWS\SYSTEM32\WSOCK32.dll
0x00007ff92ef80000 - 0x00007ff92ef8a000 	C:\WINDOWS\SYSTEM32\VERSION.dll
0x00007ff93a440000 - 0x00007ff93a4ab000 	C:\WINDOWS\System32\WS2_32.dll
0x00007ff937310000 - 0x00007ff937322000 	C:\WINDOWS\SYSTEM32\kernel.appcore.dll
0x00007ff933d40000 - 0x00007ff933d51000 	C:\Program Files\Android\Android Studio4\jre\bin\verify.dll
0x00007ff936880000 - 0x00007ff936a64000 	C:\WINDOWS\SYSTEM32\DBGHELP.DLL
0x00007ff91b980000 - 0x00007ff91b9ac000 	C:\WINDOWS\SYSTEM32\dbgcore.DLL
0x00007ff938d50000 - 0x00007ff938dd3000 	C:\WINDOWS\System32\bcryptPrimitives.dll
0x00007ff933730000 - 0x00007ff933759000 	C:\Program Files\Android\Android Studio4\jre\bin\java.dll
0x00007ff933d30000 - 0x00007ff933d3b000 	C:\Program Files\Android\Android Studio4\jre\bin\jimage.dll
0x00007ff9336f0000 - 0x00007ff933708000 	C:\Program Files\Android\Android Studio4\jre\bin\zip.dll
0x00007ff93a600000 - 0x00007ff93ad3f000 	C:\WINDOWS\System32\SHELL32.dll
0x00007ff936a70000 - 0x00007ff937200000 	C:\WINDOWS\SYSTEM32\windows.storage.dll
0x00007ff939410000 - 0x00007ff939765000 	C:\WINDOWS\System32\combase.dll
0x00007ff9384e0000 - 0x00007ff93850c000 	C:\WINDOWS\SYSTEM32\Wldp.dll
0x00007ff9399e0000 - 0x00007ff939a8e000 	C:\WINDOWS\System32\SHCORE.dll
0x00007ff93a150000 - 0x00007ff93a1a5000 	C:\WINDOWS\System32\shlwapi.dll
0x00007ff9389c0000 - 0x00007ff9389df000 	C:\WINDOWS\SYSTEM32\profapi.dll
0x00007ff931a70000 - 0x00007ff931a8a000 	C:\Program Files\Android\Android Studio4\jre\bin\net.dll
0x00007ff9263a0000 - 0x00007ff9264a8000 	C:\WINDOWS\SYSTEM32\WINHTTP.dll
0x00007ff938240000 - 0x00007ff9382aa000 	C:\WINDOWS\system32\mswsock.dll
0x00007ff930490000 - 0x00007ff9304a4000 	C:\Program Files\Android\Android Studio4\jre\bin\nio.dll
0x00007ff912280000 - 0x00007ff9122a7000 	C:\Users\leoba\.gradle\native\fdc75f09e3144964f2cf3f50f0aa648679c211496f362492102eb8c894070792\windows-amd64\native-platform.dll
0x00007ff8f6370000 - 0x00007ff8f6506000 	C:\Users\leoba\.gradle\native\12488b8bf47d2d4c9fbf2f6322a914ad602e24e48041cd04a747c6da556b65c4\windows-amd64\native-platform-file-events.dll
0x00007ff933d20000 - 0x00007ff933d2a000 	C:\Program Files\Android\Android Studio4\jre\bin\management.dll
0x00007ff933ca0000 - 0x00007ff933cac000 	C:\Program Files\Android\Android Studio4\jre\bin\management_ext.dll
0x00007ff938440000 - 0x00007ff938458000 	C:\WINDOWS\SYSTEM32\CRYPTSP.dll
0x00007ff937b50000 - 0x00007ff937b84000 	C:\WINDOWS\system32\rsaenh.dll
0x00007ff939280000 - 0x00007ff9392a7000 	C:\WINDOWS\System32\bcrypt.dll
0x00007ff938980000 - 0x00007ff9389ae000 	C:\WINDOWS\SYSTEM32\USERENV.dll
0x00007ff938430000 - 0x00007ff93843c000 	C:\WINDOWS\SYSTEM32\CRYPTBASE.dll
0x00007ff937ee0000 - 0x00007ff937f1b000 	C:\WINDOWS\SYSTEM32\IPHLPAPI.DLL
0x00007ff93b110000 - 0x00007ff93b118000 	C:\WINDOWS\System32\NSI.dll
0x00007ff928940000 - 0x00007ff928957000 	C:\WINDOWS\SYSTEM32\dhcpcsvc6.DLL
0x00007ff929880000 - 0x00007ff92989d000 	C:\WINDOWS\SYSTEM32\dhcpcsvc.DLL
0x00007ff937f30000 - 0x00007ff937ffc000 	C:\WINDOWS\SYSTEM32\DNSAPI.dll
0x00007ff92c8d0000 - 0x00007ff92c8db000 	C:\WINDOWS\SYSTEM32\WINNSI.DLL

dbghelp: loaded successfully - version: 4.0.5 - missing functions: none
symbol engine: initialized successfully - sym options: 0x614 - pdb path: .;C:\Program Files\Android\Android Studio4\jre\bin;C:\WINDOWS\SYSTEM32;C:\WINDOWS\WinSxS\amd64_microsoft.windows.common-controls_6595b64144ccf1df_6.0.19041.1110_none_60b5254171f9507e;C:\Program Files\Android\Android Studio4\jre\bin\server;C:\Users\leoba\.gradle\native\fdc75f09e3144964f2cf3f50f0aa648679c211496f362492102eb8c894070792\windows-amd64;C:\Users\leoba\.gradle\native\12488b8bf47d2d4c9fbf2f6322a914ad602e24e48041cd04a747c6da556b65c4\windows-amd64

VM Arguments:
jvm_args: --add-opens=java.base/java.util=ALL-UNNAMED --add-opens=java.base/java.lang=ALL-UNNAMED --add-opens=java.base/java.lang.invoke=ALL-UNNAMED --add-opens=java.prefs/java.util.prefs=ALL-UNNAMED -Xmx2048m -Dfile.encoding=UTF-8 -Duser.country=ES -Duser.language=es -Duser.variant 
java_command: org.gradle.launcher.daemon.bootstrap.GradleDaemon 6.7.1
java_class_path (initial): C:\Users\leoba\.gradle\wrapper\dists\gradle-6.7.1-bin\bwlcbys1h7rz3272sye1xwiv6\gradle-6.7.1\lib\gradle-launcher-6.7.1.jar
Launcher Type: SUN_STANDARD

[Global flags]
     intx CICompilerCount                          = 3                                         {product} {ergonomic}
     uint ConcGCThreads                            = 1                                         {product} {ergonomic}
     uint G1ConcRefinementThreads                  = 4                                         {product} {ergonomic}
   size_t G1HeapRegionSize                         = 1048576                                   {product} {ergonomic}
    uintx GCDrainStackTargetSize                   = 64                                        {product} {ergonomic}
   size_t InitialHeapSize                          = 201326592                                 {product} {ergonomic}
   size_t MarkStackSize                            = 4194304                                   {product} {ergonomic}
   size_t MaxHeapSize                              = 2147483648                                {product} {command line}
   size_t MaxNewSize                               = 1287651328                                {product} {ergonomic}
   size_t MinHeapDeltaBytes                        = 1048576                                   {product} {ergonomic}
    uintx NonNMethodCodeHeapSize                   = 5830732                                {pd product} {ergonomic}
    uintx NonProfiledCodeHeapSize                  = 122913754                              {pd product} {ergonomic}
    uintx ProfiledCodeHeapSize                     = 122913754                              {pd product} {ergonomic}
    uintx ReservedCodeCacheSize                    = 251658240                              {pd product} {ergonomic}
     bool SegmentedCodeCache                       = true                                      {product} {ergonomic}
     bool UseCompressedClassPointers               = true                                 {lp64_product} {ergonomic}
     bool UseCompressedOops                        = true                                 {lp64_product} {ergonomic}
     bool UseG1GC                                  = true                                      {product} {ergonomic}
     bool UseLargePagesIndividualAllocation        = false                                  {pd product} {ergonomic}

Logging:
Log output configuration:
 #0: stdout all=warning uptime,level,tags
 #1: stderr all=off uptime,level,tags

Environment Variables:
PATH=C:\Program Files (x86)\Intel\Intel(R) Management Engine Components\iCLS\;C:\Program Files\Intel\Intel(R) Management Engine Components\iCLS\;C:\WINDOWS\system32;C:\WINDOWS;C:\WINDOWS\System32\Wbem;C:\WINDOWS\System32\WindowsPowerShell\v1.0\;C:\Program Files (x86)\Intel\Intel(R) Management Engine Components\DAL;C:\Program Files\Intel\Intel(R) Management Engine Components\DAL;C:\Program Files (x86)\Intel\Intel(R) Management Engine Components\IPT;C:\Program Files\Intel\Intel(R) Management Engine Components\IPT;c:\Program Files (x86)\Microsoft SQL Server\100\Tools\Binn\;c:\Program Files\Microsoft SQL Server\100\Tools\Binn\;c:\Program Files\Microsoft SQL Server\100\DTS\Binn\;c:\Program Files (x86)\Microsoft SQL Server\100\Tools\Binn\VSShell\Common7\IDE\;c:\Program Files (x86)\Microsoft SQL Server\100\DTS\Binn\;C:\WINDOWS\system32\config\systemprofile\.dnx\bin;C:\Program Files\Microsoft DNX\Dnvm\;C:\Program Files\Microsoft SQL Server\130\Tools\Binn\;C:\WINDOWS\System32\OpenSSH\;C:\Program Files\Git\cmd;C:\Users\leoba\AppData\Local\Microsoft\WindowsApps;C:\Users\leoba\AppData\Local\GitHubDesktop\bin;%USERPROFILE%\AppData\Local\Microsoft\WindowsApps;
USERNAME=leoba
OS=Windows_NT
PROCESSOR_IDENTIFIER=Intel64 Family 6 Model 142 Stepping 10, GenuineIntel



---------------  S Y S T E M  ---------------

OS: Windows 10 , 64 bit Build 19041 (10.0.19041.1151)
OS uptime: 5 days 11:38 hours

CPU:total 4 (initial active 4) (2 cores per cpu, 2 threads per core) family 6 model 142 stepping 10 microcode 0xb4, cmov, cx8, fxsr, mmx, sse, sse2, sse3, ssse3, sse4.1, sse4.2, popcnt, avx, avx2, aes, clmul, erms, 3dnowpref, lzcnt, ht, tsc, tscinvbit, bmi1, bmi2, adx, fma

Memory: 4k page, system-wide physical 12197M (1111M free)
TotalPageFile size 12197M (AvailPageFile size 17M)
current process WorkingSet (physical memory assigned to process): 153M, peak: 153M
current process commit charge ("private bytes"): 318M, peak: 319M

vm_info: OpenJDK 64-Bit Server VM (11.0.10+0-b96-7249189) for windows-amd64 JRE (11.0.10+0-b96-7249189), built on Mar 31 2021 21:44:00 by "builder" with MS VC++ 14.0 (VS2015)

END.
